<?xml version="1.0" encoding="UTF-8"?>
<testsuite xmlns:xsi="http://www.w3.org/2001/XMLSchema-instance" xsi:noNamespaceSchemaLocation="https://maven.apache.org/surefire/maven-surefire-plugin/xsd/surefire-test-report-3.0.xsd" version="3.0" name="com.example.videocall.VideocallApplicationTests" time="2.442" tests="1" errors="0" skipped="0" failures="0">
  <properties>
[...]
</properties>
  <testcase name="contextLoads" classname="com.example.videocall.VideocallApplicationTests" time="0.691">
    <system-out><![CDATA[16:00:47.604 [main] INFO org.springframework.test.context.support.AnnotationConfigContextLoaderUtils -- Could not detect default configuration classes for test class [com.example.videocall.VideocallApplicationTests]: VideocallApplicationTests does not declare any static, non-private, non-final, nested classes annotated with @Configuration.
16:00:47.710 [main] INFO org.springframework.boot.test.context.SpringBootTestContextBootstrapper -- Found @SpringBootConfiguration com.example.videocall.VideocallApplication for test class com.example.videocall.VideocallApplicationTests

  .   ____          _            __ _ _
 /\\ / ___'_ __ _ _(_)_ __  __ _ \ \ \ \
( ( )\___ | '_ | '_| | '_ \/ _` | \ \ \ \
 \\/  ___)| |_)| | | | | || (_| |  ) ) ) )
  '  |____| .__|_| |_|_| |_\__, | / / / /
 =========|_|==============|___/=/_/_/_/

 :: Spring Boot ::                (v3.3.4)

2024-10-01T16:00:48.141+05:30  INFO 24036 --- [videocall] [           main] c.e.videocall.VideocallApplicationTests  : Starting VideocallApplicationTests using Java 22.0.1 with PID 24036 (started by admin in C:\Devanshu Verma\videocall)
2024-10-01T16:00:48.142+05:30  INFO 24036 --- [videocall] [           main] c.e.videocall.VideocallApplicationTests  : No active profile set, falling back to 1 default profile: "default"
2024-10-01T16:00:48.950+05:30  INFO 24036 --- [videocall] [           main] o.s.b.a.w.s.WelcomePageHandlerMapping    : Adding welcome page: class path resource [static/index.html]
2024-10-01T16:00:49.165+05:30  INFO 24036 --- [videocall] [           main] c.e.videocall.VideocallApplicationTests  : Started VideocallApplicationTests in 1.323 seconds (process running for 2.621)
]]></system-out>
    <system-err><![CDATA[WARNING: A Java agent has been loaded dynamically (C:\Users\admin\.m2\repository\net\bytebuddy\byte-buddy-agent\1.14.19\byte-buddy-agent-1.14.19.jar)
WARNING: If a serviceability tool is in use, please run with -XX:+EnableDynamicAgentLoading to hide this warning
WARNING: If a serviceability tool is not in use, please run with -Djdk.instrument.traceUsage for more information
WARNING: Dynamic loading of agents will be disallowed by default in a future release
]]></system-err>
  </testcase>
</testsuite>